initialize()
component(0)
atom(0)
bond(0)
atom(1)
bond(1)
atom(2)
bond(2)
atom(3)
bond(3)
atom(4)
bond(4)
atom(5)
backtrack(5)
backtrack(4)
bond(5)
atom(6)
bond(6)
atom(7)
back_bond(7)
backtrack(7)
backtrack(6)
bond(5)
atom(6)
bond(6)
atom(7)
back_bond(7)
backtrack(7)
backtrack(6)
bond(3)
atom(4)
bond(4)
atom(5)
backtrack(5)
backtrack(4)
backtrack(3)
backtrack(2)
backtrack(1)
bond(7)
atom(7)
bond(6)
atom(6)
bond(5)
atom(3)
bond(2)
atom(2)
bond(1)
atom(1)
back_bond(0)
backtrack(1)
backtrack(2)
bond(3)
atom(4)
bond(4)
atom(5)
backtrack(5)
backtrack(4)
bond(3)
atom(4)
bond(4)
atom(5)
backtrack(5)
backtrack(4)
bond(2)
atom(2)
bond(1)
atom(1)
back_bond(0)
backtrack(1)
backtrack(2)
backtrack(3)
backtrack(6)
backtrack(7)
backtrack(0)
